C:\USERS\JASON\DESKTOP\COMPUTER GRAPHICS PROJECTS\6072FINALPROJECT\PROJECT_FINALPROJECT\PROJECT_FINALPROJECT\DEBUG\TEXTURE.OBJ
C:\USERS\JASON\DESKTOP\COMPUTER GRAPHICS PROJECTS\6072FINALPROJECT\PROJECT_FINALPROJECT\PROJECT_FINALPROJECT\DEBUG\TEXTFILE.OBJ
C:\USERS\JASON\DESKTOP\COMPUTER GRAPHICS PROJECTS\6072FINALPROJECT\PROJECT_FINALPROJECT\PROJECT_FINALPROJECT\DEBUG\PROJECT_FINALPROJECT.OBJ
C:\USERS\JASON\DESKTOP\COMPUTER GRAPHICS PROJECTS\6072FINALPROJECT\PROJECT_FINALPROJECT\PROJECT_FINALPROJECT\DEBUG\MYCLASS_GLWIDGET.OBJ
C:\USERS\JASON\DESKTOP\COMPUTER GRAPHICS PROJECTS\6072FINALPROJECT\PROJECT_FINALPROJECT\PROJECT_FINALPROJECT\DEBUG\MAIN.OBJ
C:\USERS\JASON\DESKTOP\COMPUTER GRAPHICS PROJECTS\6072FINALPROJECT\PROJECT_FINALPROJECT\PROJECT_FINALPROJECT\DEBUG\MOC_PROJECT_FINALPROJECT.OBJ
C:\USERS\JASON\DESKTOP\COMPUTER GRAPHICS PROJECTS\6072FINALPROJECT\PROJECT_FINALPROJECT\PROJECT_FINALPROJECT\DEBUG\MOC_MYCLASS_GLWIDGET.OBJ
C:\USERS\JASON\DESKTOP\COMPUTER GRAPHICS PROJECTS\6072FINALPROJECT\PROJECT_FINALPROJECT\PROJECT_FINALPROJECT\DEBUG\3DSLOADER.OBJ
C:\USERS\JASON\DESKTOP\COMPUTER GRAPHICS PROJECTS\6072FINALPROJECT\PROJECT_FINALPROJECT\PROJECT_FINALPROJECT\DEBUG\VC110.PDB
C:\USERS\JASON\DESKTOP\COMPUTER GRAPHICS PROJECTS\6072FINALPROJECT\PROJECT_FINALPROJECT\PROJECT_FINALPROJECT\DEBUG\QRC_PROJECT_FINALPROJECT.OBJ
C:\USERS\JASON\DESKTOP\COMPUTER GRAPHICS PROJECTS\6072FINALPROJECT\PROJECT_FINALPROJECT\PROJECT_FINALPROJECT\DEBUG\TGA.OBJ
C:\USERS\JASON\DESKTOP\COMPUTER GRAPHICS PROJECTS\6072FINALPROJECT\PROJECT_FINALPROJECT\PROJECT_FINALPROJECT\GENERATEDFILES\DEBUG\MOC_PROJECT_FINALPROJECT.CPP
C:\USERS\JASON\DESKTOP\COMPUTER GRAPHICS PROJECTS\6072FINALPROJECT\PROJECT_FINALPROJECT\PROJECT_FINALPROJECT\GENERATEDFILES\UI_PROJECT_FINALPROJECT.H
C:\USERS\JASON\DESKTOP\COMPUTER GRAPHICS PROJECTS\6072FINALPROJECT\PROJECT_FINALPROJECT\PROJECT_FINALPROJECT\GENERATEDFILES\DEBUG\MOC_MYCLASS_GLWIDGET.CPP
C:\USERS\JASON\DESKTOP\COMPUTER GRAPHICS PROJECTS\6072FINALPROJECT\PROJECT_FINALPROJECT\PROJECT_FINALPROJECT\GENERATEDFILES\QRC_PROJECT_FINALPROJECT.CPP
C:\USERS\JASON\DESKTOP\COMPUTER GRAPHICS PROJECTS\6072FINALPROJECT\PROJECT_FINALPROJECT\WIN32\DEBUG\PROJECT_FINALPROJECT.ILK
C:\USERS\JASON\DESKTOP\COMPUTER GRAPHICS PROJECTS\6072FINALPROJECT\PROJECT_FINALPROJECT\WIN32\DEBUG\PROJECT_FINALPROJECT.EXE
C:\USERS\JASON\DESKTOP\COMPUTER GRAPHICS PROJECTS\6072FINALPROJECT\PROJECT_FINALPROJECT\WIN32\DEBUG\PROJECT_FINALPROJECT.PDB
C:\Users\Jason\Desktop\Computer Graphics Projects\6072FinalProject\Project_FinalProject\Project_FinalProject\Debug\3dsloader.obj
C:\Users\Jason\Desktop\Computer Graphics Projects\6072FinalProject\Project_FinalProject\Project_FinalProject\Debug\main.obj
C:\Users\Jason\Desktop\Computer Graphics Projects\6072FinalProject\Project_FinalProject\Project_FinalProject\Debug\moc_MyClass_GLWidget.obj
C:\Users\Jason\Desktop\Computer Graphics Projects\6072FinalProject\Project_FinalProject\Project_FinalProject\Debug\moc_project_finalproject.obj
C:\Users\Jason\Desktop\Computer Graphics Projects\6072FinalProject\Project_FinalProject\Project_FinalProject\Debug\MyClass_GLWidget.obj
C:\Users\Jason\Desktop\Computer Graphics Projects\6072FinalProject\Project_FinalProject\Project_FinalProject\Debug\project_finalproject.obj
C:\Users\Jason\Desktop\Computer Graphics Projects\6072FinalProject\Project_FinalProject\Project_FinalProject\Debug\qrc_project_finalproject.obj
C:\Users\Jason\Desktop\Computer Graphics Projects\6072FinalProject\Project_FinalProject\Project_FinalProject\Debug\textfile.obj
C:\Users\Jason\Desktop\Computer Graphics Projects\6072FinalProject\Project_FinalProject\Project_FinalProject\Debug\texture.obj
C:\Users\Jason\Desktop\Computer Graphics Projects\6072FinalProject\Project_FinalProject\Project_FinalProject\Debug\tga.obj
C:\Users\Jason\Desktop\Computer Graphics Projects\6072FinalProject\Project_FinalProject\Project_FinalProject\Debug\cl.command.1.tlog
C:\Users\Jason\Desktop\Computer Graphics Projects\6072FinalProject\Project_FinalProject\Project_FinalProject\Debug\CL.read.1.tlog
C:\Users\Jason\Desktop\Computer Graphics Projects\6072FinalProject\Project_FinalProject\Project_FinalProject\Debug\CL.write.1.tlog
C:\Users\Jason\Desktop\Computer Graphics Projects\6072FinalProject\Project_FinalProject\Project_FinalProject\Debug\custombuild.command.1.tlog
C:\Users\Jason\Desktop\Computer Graphics Projects\6072FinalProject\Project_FinalProject\Project_FinalProject\Debug\custombuild.read.1.tlog
C:\Users\Jason\Desktop\Computer Graphics Projects\6072FinalProject\Project_FinalProject\Project_FinalProject\Debug\custombuild.write.1.tlog
C:\Users\Jason\Desktop\Computer Graphics Projects\6072FinalProject\Project_FinalProject\Project_FinalProject\Debug\link-cvtres.read.1.tlog
C:\Users\Jason\Desktop\Computer Graphics Projects\6072FinalProject\Project_FinalProject\Project_FinalProject\Debug\link-cvtres.write.1.tlog
C:\Users\Jason\Desktop\Computer Graphics Projects\6072FinalProject\Project_FinalProject\Project_FinalProject\Debug\link-rc.read.1.tlog
C:\Users\Jason\Desktop\Computer Graphics Projects\6072FinalProject\Project_FinalProject\Project_FinalProject\Debug\link-rc.write.1.tlog
C:\Users\Jason\Desktop\Computer Graphics Projects\6072FinalProject\Project_FinalProject\Project_FinalProject\Debug\link.command.1.tlog
C:\Users\Jason\Desktop\Computer Graphics Projects\6072FinalProject\Project_FinalProject\Project_FinalProject\Debug\link.read.1.tlog
C:\Users\Jason\Desktop\Computer Graphics Projects\6072FinalProject\Project_FinalProject\Project_FinalProject\Debug\link.write.1.tlog
C:\Users\Jason\Desktop\Computer Graphics Projects\6072FinalProject\Project_FinalProject\Project_FinalProject\Debug\vc110.pdb
C:\Users\Jason\Desktop\Computer Graphics Projects\6072FinalProject\Project_FinalProject\Win32\Debug\Project_FinalProject.pdb
C:\Users\Jason\Desktop\Computer Graphics Projects\6072FinalProject\Project_FinalProject\Win32\Debug\Project_FinalProject.exe
C:\Users\Jason\Desktop\Computer Graphics Projects\6072FinalProject\Project_FinalProject\Win32\Debug\Project_FinalProject.ilk
